open source     > level 1, order 1, name '/opt/context/tex/texmf-context/tex/context/base/mkiv/cont-yes.mkiv'
system          > 
system          > ConTeXt  ver: 2017.10.19 13:50 MKIV beta  fmt: 2017.10.20  int: english/english
system          > 
system          > 'cont-new.mkiv' loaded
open source     > level 2, order 2, name '/opt/context/tex/texmf-context/tex/context/base/mkiv/cont-new.mkiv'
close source    > level 2, order 2, name '/opt/context/tex/texmf-context/tex/context/base/mkiv/cont-new.mkiv'
system          > files > jobname 'presentation', input './presentation', result 'presentation'
fonts           > latin modern fonts are not preloaded
languages       > language 'en' is active
open source     > level 2, order 3, name '/home/mq20151400/OpenDataSympathetic-Presentation/presentation.tex'
open source     > level 3, order 4, name 'envpresentation.tex'
fonts           > preloading modern-designsize (math)
fonts           > typescripts > unknown library 'modern-designsize'
fonts           > 'fallback modern-designsize mm 12pt' is loaded
fonts           > preloading modern-designsize (mono)
fonts           > 'fallback modern-designsize tt 12pt' is loaded
colors          > 'rgb' color space is supported
colors          > 'cmyk' color space is supported
setup           > error in line 33, namespace 'layout', key 'cutspace-.1\pagewidth '
fonts           > bodyfont '13.6pt' is defined (can better be done global)
fonts           > bodyfont '16.32pt' is defined (can better be done global)
fonts           > bodyfont '10.88pt' is defined (can better be done global)
fonts           > bodyfont '48pt' is defined (can better be done global)
fonts           > bodyfont '57.6pt' is defined (can better be done global)
fonts           > bodyfont '38.4pt' is defined (can better be done global)
close source    > level 3, order 4, name 'envpresentation.tex'
fonts           > bodyfont '68pt' is defined (can better be done global)
fonts           > bodyfont '81.6pt' is defined (can better be done global)
fonts           > bodyfont '54.4pt' is defined (can better be done global)
fonts           > bodyfont '20pt' is defined (can better be done global)
fonts           > bodyfont '24pt' is defined (can better be done global)
fonts           > bodyfont '16pt' is defined (can better be done global)
backend         > xmp > using file '/opt/context/tex/texmf-context/tex/context/base/mkiv/lpdf-pdx.xml'
pages           > flushing realpage 1, userpage 1, subpage 1
pages           > flushing realpage 2, userpage 2, subpage 2
pages           > flushing realpage 3, userpage 3, subpage 3
close source    > level 2, order 4, name '/home/mq20151400/OpenDataSympathetic-Presentation/presentation.tex'
close source    > level 1, order 4, name '/opt/context/tex/texmf-context/tex/context/base/mkiv/cont-yes.mkiv'

system          > start used files

system          > text: presentation
system          >   environment: envpresentation

system          > stop used files


system          > start used files

system          >    1: filename=char-prv.lua filetype=tex format=tex foundname=/opt/context/tex/texmf-context/tex/context/base/mkiv/char-prv.lua fullname=/opt/context/tex/texmf-context/tex/context/base/mkiv/char-prv.lua usedmethod=database
system          >    2: filename=cont-yes.mkiv filetype=tex foundname=/opt/context/tex/texmf-context/tex/context/base/mkiv/cont-yes.mkiv fullname=/opt/context/tex/texmf-context/tex/context/base/mkiv/cont-yes.mkiv usedmethod=database
system          >    3: filename=publ-imp-default.lua filetype=lua foundname=/opt/context/tex/texmf-context/tex/context/base/mkiv/publ-imp-default.lua fullname=/opt/context/tex/texmf-context/tex/context/base/mkiv/publ-imp-default.lua usedmethod=database
system          >    4: filename=cont-new.mkiv filetype=tex foundname=/opt/context/tex/texmf-context/tex/context/base/mkiv/cont-new.mkiv fullname=/opt/context/tex/texmf-context/tex/context/base/mkiv/cont-new.mkiv usedmethod=database
system          >    5: filename=lang-exc.lua filetype=lua foundname=/opt/context/tex/texmf-context/tex/context/base/mkiv/lang-exc.lua fullname=/opt/context/tex/texmf-context/tex/context/base/mkiv/lang-exc.lua usedmethod=database
system          >    6: filename=lang-us.lua filetype=lua foundname=/opt/context/tex/texmf-context/tex/context/patterns/mkiv/lang-us.lua fullname=/opt/context/tex/texmf-context/tex/context/patterns/mkiv/lang-us.lua usedmethod=database
system          >    7: filename=/home/mq20151400/OpenDataSympathetic-Presentation/presentation foundname=/home/mq20151400/OpenDataSympathetic-Presentation/presentation.tex fullname=/home/mq20151400/OpenDataSympathetic-Presentation/presentation.tex usedmethod=qualified
system          >    8: filename=envpresentation.tex foundname=envpresentation.tex fullname=/home/mq20151400/OpenDataSympathetic-Presentation/envpresentation.tex usedmethod=direct
system          >    9: filename=texgyreadventor-regular.otf filetype=otf format=otf foundname=/opt/context/tex/texmf/fonts/opentype/public/tex-gyre/texgyreadventor-regular.otf fullname=/opt/context/tex/texmf/fonts/opentype/public/tex-gyre/texgyreadventor-regular.otf usedmethod=database
system          >   10: filename=/tmp/lua_MFBCmJ.png format=tex foundname=/tmp/lua_MFBCmJ.png fullname=/tmp/lua_MFBCmJ.png usedmethod=direct
system          >   11: filename=faimsLogoNoBorder.pdf format=tex foundname=faimsLogoNoBorder.pdf fullname=/home/mq20151400/OpenDataSympathetic-Presentation/faimsLogoNoBorder.pdf usedmethod=direct
system          >   12: filename=MQ_INT_HOR_RGB_POS_Borderless.pdf format=tex foundname=MQ_INT_HOR_RGB_POS_Borderless.pdf fullname=/home/mq20151400/OpenDataSympathetic-Presentation/MQ_INT_HOR_RGB_POS_Borderless.pdf usedmethod=direct
system          >   13: filename=m_k_i_v_unswL.eps.pdf format=tex foundname=m_k_i_v_unswL.eps.pdf fullname=/home/mq20151400/OpenDataSympathetic-Presentation/m_k_i_v_unswL.eps.pdf usedmethod=direct
system          >   14: filename=m_k_i_v_UQlogoC.eps.pdf format=tex foundname=m_k_i_v_UQlogoC.eps.pdf fullname=/home/mq20151400/OpenDataSympathetic-Presentation/m_k_i_v_UQlogoC.eps.pdf usedmethod=direct
system          >   15: filename=m_k_i_v_flindersL.eps.pdf format=tex foundname=m_k_i_v_flindersL.eps.pdf fullname=/home/mq20151400/OpenDataSympathetic-Presentation/m_k_i_v_flindersL.eps.pdf usedmethod=direct
system          >   16: filename=LaTrobe.png format=tex foundname=LaTrobe.png fullname=/home/mq20151400/OpenDataSympathetic-Presentation/LaTrobe.png usedmethod=direct
system          >   17: filename=DIcolour.jpg format=tex foundname=DIcolour.jpg fullname=/home/mq20151400/OpenDataSympathetic-Presentation/DIcolour.jpg usedmethod=direct
system          >   18: filename=m_k_i_v_ARC_stacked.eps.pdf format=tex foundname=m_k_i_v_ARC_stacked.eps.pdf fullname=/home/mq20151400/OpenDataSympathetic-Presentation/m_k_i_v_ARC_stacked.eps.pdf usedmethod=direct
system          >   19: filename=CSIRO_Grad_RGB_hr.jpg format=tex foundname=CSIRO_Grad_RGB_hr.jpg fullname=/home/mq20151400/OpenDataSympathetic-Presentation/CSIRO_Grad_RGB_hr.jpg usedmethod=direct
system          >   20: filename=m_k_i_v_NSWInd.eps.pdf format=tex foundname=m_k_i_v_NSWInd.eps.pdf fullname=/home/mq20151400/OpenDataSympathetic-Presentation/m_k_i_v_NSWInd.eps.pdf usedmethod=direct
system          >   21: filename=m_k_i_v_ADSreversedLogoRed.eps.pdf format=tex foundname=m_k_i_v_ADSreversedLogoRed.eps.pdf fullname=/home/mq20151400/OpenDataSympathetic-Presentation/m_k_i_v_ADSreversedLogoRed.eps.pdf usedmethod=direct
system          >   22: filename=m_k_i_v_oclong.eps.pdf format=tex foundname=m_k_i_v_oclong.eps.pdf fullname=/home/mq20151400/OpenDataSympathetic-Presentation/m_k_i_v_oclong.eps.pdf usedmethod=direct
system          >   23: filename=tdar-logo.png format=tex foundname=tdar-logo.png fullname=/home/mq20151400/OpenDataSympathetic-Presentation/tdar-logo.png usedmethod=direct
system          >   24: filename=m_k_i_v_nectar.eps.pdf format=tex foundname=m_k_i_v_nectar.eps.pdf fullname=/home/mq20151400/OpenDataSympathetic-Presentation/m_k_i_v_nectar.eps.pdf usedmethod=direct
system          >   25: filename=lpdf-pdx.xml filetype=tex foundname=/opt/context/tex/texmf-context/tex/context/base/mkiv/lpdf-pdx.xml fullname=/opt/context/tex/texmf-context/tex/context/base/mkiv/lpdf-pdx.xml usedmethod=database

system          > stop used files


system          > start commandline options

system          > currentrun="2"
system          > fulljobname="./presentation"
system          > input="./presentation"
system          > kindofrun="2"
system          > maxnofruns="9"
system          > no-parse-first-line="true"

system          > stop commandline options


system          > start commandline files

system          >    1: ./presentation

system          > stop commandline files


modules         > start used modules


modules         > stop used modules


mkiv lua stats  > used config file: selfautoparent:/texmf/web2c/texmfcnf.lua
mkiv lua stats  > used cache path: /opt/context/tex/texmf-cache/luatex-cache/context/5fe67e0bfe781ce0dde776fb1556f32e
mkiv lua stats  > resource resolver: loadtime 0.005 seconds, 0 scans with scantime 0.000 seconds, 0 shared scans, 25 found files, scanned paths: <none>
mkiv lua stats  > stored bytecode data: 405 modules (0.186 sec), 91 tables (0.011 sec), 496 chunks (0.197 sec)
mkiv lua stats  > traced context: maxstack: 1421, freed: 3, unreachable: 1418
mkiv lua stats  > cleaned up reserved nodes: 65 nodes, 11 lists of 453
mkiv lua stats  > node memory usage: 2 glue, 2 kern, 3 penalty, 10 attribute, 49 glue_spec, 4 attribute_list, 2 temp, 2 user_defined, 78 pdf_setmatrix, 39 pdf_save, 39 pdf_restore
mkiv lua stats  > node list callback tasks: 7 unique task lists, 8 instances (re)created, 526 calls
mkiv lua stats  > used backend: pdf (backend for directly generating pdf output)
mkiv lua stats  > jobdata time: 0.001 seconds saving, 0.000 seconds loading
mkiv lua stats  > callbacks: 1463 direct, 508 indirect, 1971 total
mkiv lua stats  > randomizer: resumed with value 0.8960240347758
mkiv lua stats  > positions: 15 collected, 15 regular, 0 special
mkiv lua stats  > loaded patterns: en::2, load time: 0.000
mkiv lua stats  > interactive elements: 9 references, 0 destinations
mkiv lua stats  > result saved in file: presentation.pdf, compresslevel 3, objectcompresslevel 3
mkiv lua stats  > loaded fonts: 1 files: texgyreadventor-regular.otf
mkiv lua stats  > font engine: otf 3.103, afm 1.513, tfm 1.000, 29 instances, 28 shared in backend, 3 common vectors, 25 common hashes, load time 0.095 seconds 
mkiv lua stats  > graphics processing time: 0.026 seconds including tex, 54 processed images, 15 unique asked, 12 bad names
mkiv lua stats  > pdf annotations: 9 links (4 unique), 0 special
mkiv lua stats  > used platform: linux-64, type: unix, binary subtree: texmf-linux-64
mkiv lua stats  > used engine: luatex version 1.05 with functionality level 6357, banner: this is luatex, version 1.05.0 (tex live 2017)
mkiv lua stats  > control sequences: 47233 of 65536 + 100000
mkiv lua stats  > lua properties: engine: lua, used memory: 78 MB (ctx: 78 MB), hash type: lua, hash chars: min(64,40), symbol mask: utf (τεχ)
mkiv lua stats  > runtime: 0.487 seconds, 3 processed pages, 3 shipped pages, 6.160 pages/second

